
        <!DOCTYPE html>
        <html lang="en">
        <head>
            <meta charset="UTF-8">
            <meta name="viewport" content="width=device-width, initial-scale=1.0">
            <title>Test Execution Report</title>
            <style>
                * {
                    margin: 0;
                    padding: 0;
                    box-sizing: border-box;
                }

                body {
                    font-family: 'Segoe UI', Tahoma, Geneva, Verdana, sans-serif;
                    background: #f5f5f5;
                    color: #333;
                    line-height: 1.6;
                }

                .container {
                    max-width: 1200px;
                    margin: 0 auto;
                    padding: 20px;
                }

                .header {
                    background: linear-gradient(135deg, #667eea 0%, #764ba2 100%);
                    color: white;
                    padding: 30px;
                    border-radius: 10px;
                    margin-bottom: 30px;
                    text-align: center;
                }

                .header h1 {
                    font-size: 2.5em;
                    margin-bottom: 10px;
                }

                .header .timestamp {
                    opacity: 0.9;
                    font-size: 1.1em;
                }

                .summary {
                    display: grid;
                    grid-template-columns: repeat(auto-fit, minmax(200px, 1fr));
                    gap: 20px;
                    margin-bottom: 30px;
                }

                .summary-card {
                    background: white;
                    padding: 25px;
                    border-radius: 10px;
                    box-shadow: 0 2px 10px rgba(0,0,0,0.1);
                    text-align: center;
                    transition: transform 0.3s ease;
                }

                .summary-card:hover {
                    transform: translateY(-5px);
                }

                .summary-card h3 {
                    font-size: 2.5em;
                    margin-bottom: 10px;
                    font-weight: bold;
                }

                .summary-card p {
                    color: #666;
                    font-size: 1.1em;
                }

                .total { color: #3498db; }
                .passed { color: #27ae60; }
                .failed { color: #e74c3c; }
                .skipped { color: #f39c12; }

                .pass-rate {
                    background: white;
                    padding: 25px;
                    border-radius: 10px;
                    box-shadow: 0 2px 10px rgba(0,0,0,0.1);
                    margin-bottom: 30px;
                    text-align: center;
                }

                .progress-bar {
                    width: 100%;
                    height: 30px;
                    background: #ecf0f1;
                    border-radius: 15px;
                    overflow: hidden;
                    margin: 15px 0;
                }

                .progress-fill {
                    height: 100%;
                    background: linear-gradient(90deg, #27ae60, #2ecc71);
                    width: 0.0%;
                    transition: width 1s ease;
                }

                .tests-table {
                    background: white;
                    border-radius: 10px;
                    box-shadow: 0 2px 10px rgba(0,0,0,0.1);
                    overflow: hidden;
                }

                .table-header {
                    background: #34495e;
                    color: white;
                    padding: 20px;
                }

                table {
                    width: 100%;
                    border-collapse: collapse;
                }

                th, td {
                    padding: 15px;
                    text-align: left;
                    border-bottom: 1px solid #ecf0f1;
                }

                th {
                    background: #34495e;
                    color: white;
                    font-weight: 600;
                }

                tr:hover {
                    background: #f8f9fa;
                }

                .status {
                    padding: 5px 12px;
                    border-radius: 20px;
                    font-weight: bold;
                    text-transform: uppercase;
                    font-size: 0.8em;
                }

                .status.passed {
                    background: #d4edda;
                    color: #155724;
                }

                .status.failed {
                    background: #f8d7da;
                    color: #721c24;
                }

                .status.skipped {
                    background: #fff3cd;
                    color: #856404;
                }

                .error-message {
                    max-width: 300px;
                    word-wrap: break-word;
                    font-size: 0.9em;
                    color: #e74c3c;
                }

                .footer {
                    text-align: center;
                    margin-top: 30px;
                    padding: 20px;
                    color: #666;
                }

                @media (max-width: 768px) {
                    .container {
                        padding: 10px;
                    }

                    .summary {
                        grid-template-columns: 1fr;
                    }

                    table {
                        font-size: 0.9em;
                    }

                    th, td {
                        padding: 10px 5px;
                    }
                }
            </style>
        </head>
        <body>
            <div class="container">
                <div class="header">
                    <h1>ðŸš€ Test Execution Report</h1>
                    <div class="timestamp">Generated on: 2025-07-14 15:11:35</div>
                </div>

                <div class="summary">
                    <div class="summary-card">
                        <h3 class="total">7</h3>
                        <p>Total Tests</p>
                    </div>
                    <div class="summary-card">
                        <h3 class="passed">0</h3>
                        <p>Passed</p>
                    </div>
                    <div class="summary-card">
                        <h3 class="failed">7</h3>
                        <p>Failed</p>
                    </div>
                    <div class="summary-card">
                        <h3 class="skipped">0</h3>
                        <p>Skipped</p>
                    </div>
                </div>

                <div class="pass-rate">
                    <h2>Pass Rate: 0.0%</h2>
                    <div class="progress-bar">
                        <div class="progress-fill"></div>
                    </div>
                </div>

                <div class="tests-table">
                    <div class="table-header">
                        <h2>ðŸ“‹ Test Results Details</h2>
                    </div>
                    <table>
                        <thead>
                            <tr>
                                <th>#</th>
                                <th>Test Name</th>
                                <th>Test Class</th>
                                <th>Status</th>
                                <th>Duration</th>
                                <th>Error Message</th>
                                <th>Screenshot</th>
                            </tr>
                        </thead>
                        <tbody>
                            
                <tr class="failed">
                    <td>1</td>
                    <td>test_valid_login</td>
                    <td>TestLogin</td>
                    <td><span class="status failed">FAILED</span></td>
                    <td>20.98s</td>
                    <td>self = <tests.test_login.TestLogin object at 0x101fff1a0>, driver = <selenium.webdriver.chrome.webdriver.WebDriver (session="13aa49b1c9deeae572ed8013fe35bff7")>

    @allure.feature("Authentication")
    @allure.story("Valid Login")
    @allure.severity(allure.severity_level.CRITICAL)
    def test_valid_login(self, driver):
    	"""Test valid login credentials"""
    	login_page = LoginPage(driver)
    	home_page = HomePage(driver)
    
    	# Test data
    	username = "testuser@example.com"
    	password = "testpassword123"
    
    	# Test steps
    	with allure.step("Open login page"):
    		login_page.open_login_page()
    
    	with allure.step("Enter valid credentials"):
>   		login_page.login(username, password)

tests/test_login.py:27: 
_ _ _ _ _ _ _ _ _ _ _ _ _ _ _ _ _ _ _ _ _ _ _ _ _ _ _ _ _ _ _ _ _ _ _ _ _ _ _ _ _ _ _ _ _ _ _ _ _ _ _ _ _ _ _ _ _ _ _ _ _ _ _ _ _ _ _ _ _ _ _ _ _ _ _ _ _ _ _ _ _ _ _ _ _ _ _ _ _ _ _ _ _ _ _ _ _ _ _ _ _
pages/sample_page.py:38: in login
    self.enter_username(username)
pages/sample_page.py:26: in enter_username
    self.send_keys(self.USERNAME_INPUT, username)
base/base_page.py:68: in send_keys
    element = self.find_element(locator, timeout)
              ^^^^^^^^^^^^^^^^^^^^^^^^^^^^^^^^^^^
base/base_page.py:35: in find_element
    element = wait.until(EC.presence_of_element_located(locator))
              ^^^^^^^^^^^^^^^^^^^^^^^^^^^^^^^^^^^^^^^^^^^^^^^^^^^
_ _ _ _ _ _ _ _ _ _ _ _ _ _ _ _ _ _ _ _ _ _ _ _ _ _ _ _ _ _ _ _ _ _ _ _ _ _ _ _ _ _ _ _ _ _ _ _ _ _ _ _ _ _ _ _ _ _ _ _ _ _ _ _ _ _ _ _ _ _ _ _ _ _ _ _ _ _ _ _ _ _ _ _ _ _ _ _ _ _ _ _ _ _ _ _ _ _ _ _ _

self = <selenium.webdriver.support.wait.WebDriverWait (session="13aa49b1c9deeae572ed8013fe35bff7")>, method = <function presence_of_element_located.<locals>._predicate at 0x105efce00>, message = ''

    def until(self, method: Callable[[D], Union[Literal[False], T]], message: str = "") -> T:
        """Wait until the method returns a value that is not False.
    
        Calls the method provided with the driver as an argument until the
        return value does not evaluate to ``False``.
    
        Parameters:
        -----------
        method: callable(WebDriver)
            - A callable object that takes a WebDriver instance as an argument.
    
        message: str
            - Optional message for :exc:`TimeoutException`
    
        Return:
        -------
        object: T
            - The result of the last call to `method`
    
        Raises:
        -------
        TimeoutException
            - If 'method' does not return a truthy value within the WebDriverWait
            object's timeout
    
        Example:
        --------
        >>> from selenium.webdriver.common.by import By
        >>> from selenium.webdriver.support.ui import WebDriverWait
        >>> from selenium.webdriver.support import expected_conditions as EC
    
        # Wait until an element is visible on the page
        >>> wait = WebDriverWait(driver, 10)
        >>> element = wait.until(EC.visibility_of_element_located((By.ID, "exampleId")))
        >>> print(element.text)
        """
        screen = None
        stacktrace = None
    
        end_time = time.monotonic() + self._timeout
        while True:
            try:
                value = method(self._driver)
                if value:
                    return value
            except self._ignored_exceptions as exc:
                screen = getattr(exc, "screen", None)
                stacktrace = getattr(exc, "stacktrace", None)
            if time.monotonic() > end_time:
                break
            time.sleep(self._poll)
>       raise TimeoutException(message, screen, stacktrace)
E       selenium.common.exceptions.TimeoutException: Message: 
E       Stacktrace:
E       0   chromedriver                        0x00000001052b0e6c cxxbridge1$str$ptr + 2722840
E       1   chromedriver                        0x00000001052a8d74 cxxbridge1$str$ptr + 2689824
E       2   chromedriver                        0x0000000104dfa3ec cxxbridge1$string$len + 90648
E       3   chromedriver                        0x0000000104e41544 cxxbridge1$string$len + 381808
E       4   chromedriver                        0x0000000104e82934 cxxbridge1$string$len + 649056
E       5   chromedriver                        0x0000000104e35834 cxxbridge1$string$len + 333408
E       6   chromedriver                        0x0000000105273f88 cxxbridge1$str$ptr + 2473268
E       7   chromedriver                        0x00000001052771f4 cxxbridge1$str$ptr + 2486176
E       8   chromedriver                        0x00000001052559d0 cxxbridge1$str$ptr + 2348924
E       9   chromedriver                        0x0000000105277ab0 cxxbridge1$str$ptr + 2488412
E       10  chromedriver                        0x0000000105246a60 cxxbridge1$str$ptr + 2287628
E       11  chromedriver                        0x00000001052979a0 cxxbridge1$str$ptr + 2619212
E       12  chromedriver                        0x0000000105297b2c cxxbridge1$str$ptr + 2619608
E       13  chromedriver                        0x00000001052a89b0 cxxbridge1$str$ptr + 2688860
E       14  libsystem_pthread.dylib             0x000000018181ec0c _pthread_start + 136
E       15  libsystem_pthread.dylib             0x0000000181819b80 thread_start + 8

.venv/lib/python3.12/site-packages/selenium/webdriver/support/wait.py:138: TimeoutException</td>
                    <td><a href="True" target="_blank">ðŸ“· View</a></td>
                </tr>
            
                <tr class="failed">
                    <td>2</td>
                    <td>test_invalid_login</td>
                    <td>TestLogin</td>
                    <td><span class="status failed">FAILED</span></td>
                    <td>20.87s</td>
                    <td>self = <tests.test_login.TestLogin object at 0x102de5f70>, driver = <selenium.webdriver.chrome.webdriver.WebDriver (session="719ba04cea509807237fd5177aa1272d")>

    @allure.feature("Authentication")
    @allure.story("Invalid Login")
    @allure.severity(allure.severity_level.CRITICAL)
    def test_invalid_login(self, driver):
    	"""Test invalid login credentials"""
    	login_page = LoginPage(driver)
    
    	# Test data
    	username = "invalid@example.com"
    	password = "wrongpassword"
    
    	# Test steps
    	with allure.step("Open login page"):
    		login_page.open_login_page()
    
    	with allure.step("Enter invalid credentials"):
>   		login_page.login(username, password)

tests/test_login.py:49: 
_ _ _ _ _ _ _ _ _ _ _ _ _ _ _ _ _ _ _ _ _ _ _ _ _ _ _ _ _ _ _ _ _ _ _ _ _ _ _ _ _ _ _ _ _ _ _ _ _ _ _ _ _ _ _ _ _ _ _ _ _ _ _ _ _ _ _ _ _ _ _ _ _ _ _ _ _ _ _ _ _ _ _ _ _ _ _ _ _ _ _ _ _ _ _ _ _ _ _ _ _
pages/sample_page.py:38: in login
    self.enter_username(username)
pages/sample_page.py:26: in enter_username
    self.send_keys(self.USERNAME_INPUT, username)
base/base_page.py:68: in send_keys
    element = self.find_element(locator, timeout)
              ^^^^^^^^^^^^^^^^^^^^^^^^^^^^^^^^^^^
base/base_page.py:35: in find_element
    element = wait.until(EC.presence_of_element_located(locator))
              ^^^^^^^^^^^^^^^^^^^^^^^^^^^^^^^^^^^^^^^^^^^^^^^^^^^
_ _ _ _ _ _ _ _ _ _ _ _ _ _ _ _ _ _ _ _ _ _ _ _ _ _ _ _ _ _ _ _ _ _ _ _ _ _ _ _ _ _ _ _ _ _ _ _ _ _ _ _ _ _ _ _ _ _ _ _ _ _ _ _ _ _ _ _ _ _ _ _ _ _ _ _ _ _ _ _ _ _ _ _ _ _ _ _ _ _ _ _ _ _ _ _ _ _ _ _ _

self = <selenium.webdriver.support.wait.WebDriverWait (session="719ba04cea509807237fd5177aa1272d")>, method = <function presence_of_element_located.<locals>._predicate at 0x105efc360>, message = ''

    def until(self, method: Callable[[D], Union[Literal[False], T]], message: str = "") -> T:
        """Wait until the method returns a value that is not False.
    
        Calls the method provided with the driver as an argument until the
        return value does not evaluate to ``False``.
    
        Parameters:
        -----------
        method: callable(WebDriver)
            - A callable object that takes a WebDriver instance as an argument.
    
        message: str
            - Optional message for :exc:`TimeoutException`
    
        Return:
        -------
        object: T
            - The result of the last call to `method`
    
        Raises:
        -------
        TimeoutException
            - If 'method' does not return a truthy value within the WebDriverWait
            object's timeout
    
        Example:
        --------
        >>> from selenium.webdriver.common.by import By
        >>> from selenium.webdriver.support.ui import WebDriverWait
        >>> from selenium.webdriver.support import expected_conditions as EC
    
        # Wait until an element is visible on the page
        >>> wait = WebDriverWait(driver, 10)
        >>> element = wait.until(EC.visibility_of_element_located((By.ID, "exampleId")))
        >>> print(element.text)
        """
        screen = None
        stacktrace = None
    
        end_time = time.monotonic() + self._timeout
        while True:
            try:
                value = method(self._driver)
                if value:
                    return value
            except self._ignored_exceptions as exc:
                screen = getattr(exc, "screen", None)
                stacktrace = getattr(exc, "stacktrace", None)
            if time.monotonic() > end_time:
                break
            time.sleep(self._poll)
>       raise TimeoutException(message, screen, stacktrace)
E       selenium.common.exceptions.TimeoutException: Message: 
E       Stacktrace:
E       0   chromedriver                        0x0000000100df0e6c cxxbridge1$str$ptr + 2722840
E       1   chromedriver                        0x0000000100de8d74 cxxbridge1$str$ptr + 2689824
E       2   chromedriver                        0x000000010093a3ec cxxbridge1$string$len + 90648
E       3   chromedriver                        0x0000000100981544 cxxbridge1$string$len + 381808
E       4   chromedriver                        0x00000001009c2934 cxxbridge1$string$len + 649056
E       5   chromedriver                        0x0000000100975834 cxxbridge1$string$len + 333408
E       6   chromedriver                        0x0000000100db3f88 cxxbridge1$str$ptr + 2473268
E       7   chromedriver                        0x0000000100db71f4 cxxbridge1$str$ptr + 2486176
E       8   chromedriver                        0x0000000100d959d0 cxxbridge1$str$ptr + 2348924
E       9   chromedriver                        0x0000000100db7ab0 cxxbridge1$str$ptr + 2488412
E       10  chromedriver                        0x0000000100d86a60 cxxbridge1$str$ptr + 2287628
E       11  chromedriver                        0x0000000100dd79a0 cxxbridge1$str$ptr + 2619212
E       12  chromedriver                        0x0000000100dd7b2c cxxbridge1$str$ptr + 2619608
E       13  chromedriver                        0x0000000100de89b0 cxxbridge1$str$ptr + 2688860
E       14  libsystem_pthread.dylib             0x000000018181ec0c _pthread_start + 136
E       15  libsystem_pthread.dylib             0x0000000181819b80 thread_start + 8

.venv/lib/python3.12/site-packages/selenium/webdriver/support/wait.py:138: TimeoutException</td>
                    <td><a href="True" target="_blank">ðŸ“· View</a></td>
                </tr>
            
                <tr class="failed">
                    <td>3</td>
                    <td>test_empty_credentials[--Username and password are required]</td>
                    <td>TestLogin</td>
                    <td><span class="status failed">FAILED</span></td>
                    <td>20.78s</td>
                    <td>self = <tests.test_login.TestLogin object at 0x101fff230>, driver = <selenium.webdriver.chrome.webdriver.WebDriver (session="9d95e6c806781619d344651434fe051e")>, username = '', password = ''
expected_error = 'Username and password are required'

    @allure.feature("Authentication")
    @allure.story("Empty Credentials")
    @allure.severity(allure.severity_level.NORMAL)
    @pytest.mark.parametrize("username,password,expected_error", [
    	("", "", "Username and password are required"),
    	("user@test.com", "", "Password is required"),
    	("", "password123", "Username is required")
    ])
    def test_empty_credentials(self, driver, username, password, expected_error):
    	"""Test login with empty credentials"""
    	login_page = LoginPage(driver)
    
    	with allure.step("Open login page"):
    		login_page.open_login_page()
    
    	with allure.step(f"Enter credentials: {username}, {password}"):
>   		login_page.login(username, password)

tests/test_login.py:72: 
_ _ _ _ _ _ _ _ _ _ _ _ _ _ _ _ _ _ _ _ _ _ _ _ _ _ _ _ _ _ _ _ _ _ _ _ _ _ _ _ _ _ _ _ _ _ _ _ _ _ _ _ _ _ _ _ _ _ _ _ _ _ _ _ _ _ _ _ _ _ _ _ _ _ _ _ _ _ _ _ _ _ _ _ _ _ _ _ _ _ _ _ _ _ _ _ _ _ _ _ _
pages/sample_page.py:38: in login
    self.enter_username(username)
pages/sample_page.py:26: in enter_username
    self.send_keys(self.USERNAME_INPUT, username)
base/base_page.py:68: in send_keys
    element = self.find_element(locator, timeout)
              ^^^^^^^^^^^^^^^^^^^^^^^^^^^^^^^^^^^
base/base_page.py:35: in find_element
    element = wait.until(EC.presence_of_element_located(locator))
              ^^^^^^^^^^^^^^^^^^^^^^^^^^^^^^^^^^^^^^^^^^^^^^^^^^^
_ _ _ _ _ _ _ _ _ _ _ _ _ _ _ _ _ _ _ _ _ _ _ _ _ _ _ _ _ _ _ _ _ _ _ _ _ _ _ _ _ _ _ _ _ _ _ _ _ _ _ _ _ _ _ _ _ _ _ _ _ _ _ _ _ _ _ _ _ _ _ _ _ _ _ _ _ _ _ _ _ _ _ _ _ _ _ _ _ _ _ _ _ _ _ _ _ _ _ _ _

self = <selenium.webdriver.support.wait.WebDriverWait (session="9d95e6c806781619d344651434fe051e")>, method = <function presence_of_element_located.<locals>._predicate at 0x103446520>, message = ''

    def until(self, method: Callable[[D], Union[Literal[False], T]], message: str = "") -> T:
        """Wait until the method returns a value that is not False.
    
        Calls the method provided with the driver as an argument until the
        return value does not evaluate to ``False``.
    
        Parameters:
        -----------
        method: callable(WebDriver)
            - A callable object that takes a WebDriver instance as an argument.
    
        message: str
            - Optional message for :exc:`TimeoutException`
    
        Return:
        -------
        object: T
            - The result of the last call to `method`
    
        Raises:
        -------
        TimeoutException
            - If 'method' does not return a truthy value within the WebDriverWait
            object's timeout
    
        Example:
        --------
        >>> from selenium.webdriver.common.by import By
        >>> from selenium.webdriver.support.ui import WebDriverWait
        >>> from selenium.webdriver.support import expected_conditions as EC
    
        # Wait until an element is visible on the page
        >>> wait = WebDriverWait(driver, 10)
        >>> element = wait.until(EC.visibility_of_element_located((By.ID, "exampleId")))
        >>> print(element.text)
        """
        screen = None
        stacktrace = None
    
        end_time = time.monotonic() + self._timeout
        while True:
            try:
                value = method(self._driver)
                if value:
                    return value
            except self._ignored_exceptions as exc:
                screen = getattr(exc, "screen", None)
                stacktrace = getattr(exc, "stacktrace", None)
            if time.monotonic() > end_time:
                break
            time.sleep(self._poll)
>       raise TimeoutException(message, screen, stacktrace)
E       selenium.common.exceptions.TimeoutException: Message: 
E       Stacktrace:
E       0   chromedriver                        0x0000000104d48e6c cxxbridge1$str$ptr + 2722840
E       1   chromedriver                        0x0000000104d40d74 cxxbridge1$str$ptr + 2689824
E       2   chromedriver                        0x00000001048923ec cxxbridge1$string$len + 90648
E       3   chromedriver                        0x00000001048d9544 cxxbridge1$string$len + 381808
E       4   chromedriver                        0x000000010491a934 cxxbridge1$string$len + 649056
E       5   chromedriver                        0x00000001048cd834 cxxbridge1$string$len + 333408
E       6   chromedriver                        0x0000000104d0bf88 cxxbridge1$str$ptr + 2473268
E       7   chromedriver                        0x0000000104d0f1f4 cxxbridge1$str$ptr + 2486176
E       8   chromedriver                        0x0000000104ced9d0 cxxbridge1$str$ptr + 2348924
E       9   chromedriver                        0x0000000104d0fab0 cxxbridge1$str$ptr + 2488412
E       10  chromedriver                        0x0000000104cdea60 cxxbridge1$str$ptr + 2287628
E       11  chromedriver                        0x0000000104d2f9a0 cxxbridge1$str$ptr + 2619212
E       12  chromedriver                        0x0000000104d2fb2c cxxbridge1$str$ptr + 2619608
E       13  chromedriver                        0x0000000104d409b0 cxxbridge1$str$ptr + 2688860
E       14  libsystem_pthread.dylib             0x000000018181ec0c _pthread_start + 136
E       15  libsystem_pthread.dylib             0x0000000181819b80 thread_start + 8

.venv/lib/python3.12/site-packages/selenium/webdriver/support/wait.py:138: TimeoutException</td>
                    <td><a href="True" target="_blank">ðŸ“· View</a></td>
                </tr>
            
                <tr class="failed">
                    <td>4</td>
                    <td>test_empty_credentials[user@test.com--Password is required]</td>
                    <td>TestLogin</td>
                    <td><span class="status failed">FAILED</span></td>
                    <td>20.83s</td>
                    <td>self = <tests.test_login.TestLogin object at 0x103c914f0>, driver = <selenium.webdriver.chrome.webdriver.WebDriver (session="96c2fdf49d76152eb18b6d0f65eeea27")>, username = 'user@test.com'
password = '', expected_error = 'Password is required'

    @allure.feature("Authentication")
    @allure.story("Empty Credentials")
    @allure.severity(allure.severity_level.NORMAL)
    @pytest.mark.parametrize("username,password,expected_error", [
    	("", "", "Username and password are required"),
    	("user@test.com", "", "Password is required"),
    	("", "password123", "Username is required")
    ])
    def test_empty_credentials(self, driver, username, password, expected_error):
    	"""Test login with empty credentials"""
    	login_page = LoginPage(driver)
    
    	with allure.step("Open login page"):
    		login_page.open_login_page()
    
    	with allure.step(f"Enter credentials: {username}, {password}"):
>   		login_page.login(username, password)

tests/test_login.py:72: 
_ _ _ _ _ _ _ _ _ _ _ _ _ _ _ _ _ _ _ _ _ _ _ _ _ _ _ _ _ _ _ _ _ _ _ _ _ _ _ _ _ _ _ _ _ _ _ _ _ _ _ _ _ _ _ _ _ _ _ _ _ _ _ _ _ _ _ _ _ _ _ _ _ _ _ _ _ _ _ _ _ _ _ _ _ _ _ _ _ _ _ _ _ _ _ _ _ _ _ _ _
pages/sample_page.py:38: in login
    self.enter_username(username)
pages/sample_page.py:26: in enter_username
    self.send_keys(self.USERNAME_INPUT, username)
base/base_page.py:68: in send_keys
    element = self.find_element(locator, timeout)
              ^^^^^^^^^^^^^^^^^^^^^^^^^^^^^^^^^^^
base/base_page.py:35: in find_element
    element = wait.until(EC.presence_of_element_located(locator))
              ^^^^^^^^^^^^^^^^^^^^^^^^^^^^^^^^^^^^^^^^^^^^^^^^^^^
_ _ _ _ _ _ _ _ _ _ _ _ _ _ _ _ _ _ _ _ _ _ _ _ _ _ _ _ _ _ _ _ _ _ _ _ _ _ _ _ _ _ _ _ _ _ _ _ _ _ _ _ _ _ _ _ _ _ _ _ _ _ _ _ _ _ _ _ _ _ _ _ _ _ _ _ _ _ _ _ _ _ _ _ _ _ _ _ _ _ _ _ _ _ _ _ _ _ _ _ _

self = <selenium.webdriver.support.wait.WebDriverWait (session="96c2fdf49d76152eb18b6d0f65eeea27")>, method = <function presence_of_element_located.<locals>._predicate at 0x105f29d00>, message = ''

    def until(self, method: Callable[[D], Union[Literal[False], T]], message: str = "") -> T:
        """Wait until the method returns a value that is not False.
    
        Calls the method provided with the driver as an argument until the
        return value does not evaluate to ``False``.
    
        Parameters:
        -----------
        method: callable(WebDriver)
            - A callable object that takes a WebDriver instance as an argument.
    
        message: str
            - Optional message for :exc:`TimeoutException`
    
        Return:
        -------
        object: T
            - The result of the last call to `method`
    
        Raises:
        -------
        TimeoutException
            - If 'method' does not return a truthy value within the WebDriverWait
            object's timeout
    
        Example:
        --------
        >>> from selenium.webdriver.common.by import By
        >>> from selenium.webdriver.support.ui import WebDriverWait
        >>> from selenium.webdriver.support import expected_conditions as EC
    
        # Wait until an element is visible on the page
        >>> wait = WebDriverWait(driver, 10)
        >>> element = wait.until(EC.visibility_of_element_located((By.ID, "exampleId")))
        >>> print(element.text)
        """
        screen = None
        stacktrace = None
    
        end_time = time.monotonic() + self._timeout
        while True:
            try:
                value = method(self._driver)
                if value:
                    return value
            except self._ignored_exceptions as exc:
                screen = getattr(exc, "screen", None)
                stacktrace = getattr(exc, "stacktrace", None)
            if time.monotonic() > end_time:
                break
            time.sleep(self._poll)
>       raise TimeoutException(message, screen, stacktrace)
E       selenium.common.exceptions.TimeoutException: Message: 
E       Stacktrace:
E       0   chromedriver                        0x0000000104a60e6c cxxbridge1$str$ptr + 2722840
E       1   chromedriver                        0x0000000104a58d74 cxxbridge1$str$ptr + 2689824
E       2   chromedriver                        0x00000001045aa3ec cxxbridge1$string$len + 90648
E       3   chromedriver                        0x00000001045f1544 cxxbridge1$string$len + 381808
E       4   chromedriver                        0x0000000104632934 cxxbridge1$string$len + 649056
E       5   chromedriver                        0x00000001045e5834 cxxbridge1$string$len + 333408
E       6   chromedriver                        0x0000000104a23f88 cxxbridge1$str$ptr + 2473268
E       7   chromedriver                        0x0000000104a271f4 cxxbridge1$str$ptr + 2486176
E       8   chromedriver                        0x0000000104a059d0 cxxbridge1$str$ptr + 2348924
E       9   chromedriver                        0x0000000104a27ab0 cxxbridge1$str$ptr + 2488412
E       10  chromedriver                        0x00000001049f6a60 cxxbridge1$str$ptr + 2287628
E       11  chromedriver                        0x0000000104a479a0 cxxbridge1$str$ptr + 2619212
E       12  chromedriver                        0x0000000104a47b2c cxxbridge1$str$ptr + 2619608
E       13  chromedriver                        0x0000000104a589b0 cxxbridge1$str$ptr + 2688860
E       14  libsystem_pthread.dylib             0x000000018181ec0c _pthread_start + 136
E       15  libsystem_pthread.dylib             0x0000000181819b80 thread_start + 8

.venv/lib/python3.12/site-packages/selenium/webdriver/support/wait.py:138: TimeoutException</td>
                    <td><a href="True" target="_blank">ðŸ“· View</a></td>
                </tr>
            
                <tr class="failed">
                    <td>5</td>
                    <td>test_empty_credentials[-password123-Username is required]</td>
                    <td>TestLogin</td>
                    <td><span class="status failed">FAILED</span></td>
                    <td>20.79s</td>
                    <td>self = <tests.test_login.TestLogin object at 0x103c85d00>, driver = <selenium.webdriver.chrome.webdriver.WebDriver (session="aaff9584a60a17ce2936b2a2c923ac31")>, username = '', password = 'password123'
expected_error = 'Username is required'

    @allure.feature("Authentication")
    @allure.story("Empty Credentials")
    @allure.severity(allure.severity_level.NORMAL)
    @pytest.mark.parametrize("username,password,expected_error", [
    	("", "", "Username and password are required"),
    	("user@test.com", "", "Password is required"),
    	("", "password123", "Username is required")
    ])
    def test_empty_credentials(self, driver, username, password, expected_error):
    	"""Test login with empty credentials"""
    	login_page = LoginPage(driver)
    
    	with allure.step("Open login page"):
    		login_page.open_login_page()
    
    	with allure.step(f"Enter credentials: {username}, {password}"):
>   		login_page.login(username, password)

tests/test_login.py:72: 
_ _ _ _ _ _ _ _ _ _ _ _ _ _ _ _ _ _ _ _ _ _ _ _ _ _ _ _ _ _ _ _ _ _ _ _ _ _ _ _ _ _ _ _ _ _ _ _ _ _ _ _ _ _ _ _ _ _ _ _ _ _ _ _ _ _ _ _ _ _ _ _ _ _ _ _ _ _ _ _ _ _ _ _ _ _ _ _ _ _ _ _ _ _ _ _ _ _ _ _ _
pages/sample_page.py:38: in login
    self.enter_username(username)
pages/sample_page.py:26: in enter_username
    self.send_keys(self.USERNAME_INPUT, username)
base/base_page.py:68: in send_keys
    element = self.find_element(locator, timeout)
              ^^^^^^^^^^^^^^^^^^^^^^^^^^^^^^^^^^^
base/base_page.py:35: in find_element
    element = wait.until(EC.presence_of_element_located(locator))
              ^^^^^^^^^^^^^^^^^^^^^^^^^^^^^^^^^^^^^^^^^^^^^^^^^^^
_ _ _ _ _ _ _ _ _ _ _ _ _ _ _ _ _ _ _ _ _ _ _ _ _ _ _ _ _ _ _ _ _ _ _ _ _ _ _ _ _ _ _ _ _ _ _ _ _ _ _ _ _ _ _ _ _ _ _ _ _ _ _ _ _ _ _ _ _ _ _ _ _ _ _ _ _ _ _ _ _ _ _ _ _ _ _ _ _ _ _ _ _ _ _ _ _ _ _ _ _

self = <selenium.webdriver.support.wait.WebDriverWait (session="aaff9584a60a17ce2936b2a2c923ac31")>, method = <function presence_of_element_located.<locals>._predicate at 0x103446520>, message = ''

    def until(self, method: Callable[[D], Union[Literal[False], T]], message: str = "") -> T:
        """Wait until the method returns a value that is not False.
    
        Calls the method provided with the driver as an argument until the
        return value does not evaluate to ``False``.
    
        Parameters:
        -----------
        method: callable(WebDriver)
            - A callable object that takes a WebDriver instance as an argument.
    
        message: str
            - Optional message for :exc:`TimeoutException`
    
        Return:
        -------
        object: T
            - The result of the last call to `method`
    
        Raises:
        -------
        TimeoutException
            - If 'method' does not return a truthy value within the WebDriverWait
            object's timeout
    
        Example:
        --------
        >>> from selenium.webdriver.common.by import By
        >>> from selenium.webdriver.support.ui import WebDriverWait
        >>> from selenium.webdriver.support import expected_conditions as EC
    
        # Wait until an element is visible on the page
        >>> wait = WebDriverWait(driver, 10)
        >>> element = wait.until(EC.visibility_of_element_located((By.ID, "exampleId")))
        >>> print(element.text)
        """
        screen = None
        stacktrace = None
    
        end_time = time.monotonic() + self._timeout
        while True:
            try:
                value = method(self._driver)
                if value:
                    return value
            except self._ignored_exceptions as exc:
                screen = getattr(exc, "screen", None)
                stacktrace = getattr(exc, "stacktrace", None)
            if time.monotonic() > end_time:
                break
            time.sleep(self._poll)
>       raise TimeoutException(message, screen, stacktrace)
E       selenium.common.exceptions.TimeoutException: Message: 
E       Stacktrace:
E       0   chromedriver                        0x0000000105310e6c cxxbridge1$str$ptr + 2722840
E       1   chromedriver                        0x0000000105308d74 cxxbridge1$str$ptr + 2689824
E       2   chromedriver                        0x0000000104e5a3ec cxxbridge1$string$len + 90648
E       3   chromedriver                        0x0000000104ea1544 cxxbridge1$string$len + 381808
E       4   chromedriver                        0x0000000104ee2934 cxxbridge1$string$len + 649056
E       5   chromedriver                        0x0000000104e95834 cxxbridge1$string$len + 333408
E       6   chromedriver                        0x00000001052d3f88 cxxbridge1$str$ptr + 2473268
E       7   chromedriver                        0x00000001052d71f4 cxxbridge1$str$ptr + 2486176
E       8   chromedriver                        0x00000001052b59d0 cxxbridge1$str$ptr + 2348924
E       9   chromedriver                        0x00000001052d7ab0 cxxbridge1$str$ptr + 2488412
E       10  chromedriver                        0x00000001052a6a60 cxxbridge1$str$ptr + 2287628
E       11  chromedriver                        0x00000001052f79a0 cxxbridge1$str$ptr + 2619212
E       12  chromedriver                        0x00000001052f7b2c cxxbridge1$str$ptr + 2619608
E       13  chromedriver                        0x00000001053089b0 cxxbridge1$str$ptr + 2688860
E       14  libsystem_pthread.dylib             0x000000018181ec0c _pthread_start + 136
E       15  libsystem_pthread.dylib             0x0000000181819b80 thread_start + 8

.venv/lib/python3.12/site-packages/selenium/webdriver/support/wait.py:138: TimeoutException</td>
                    <td><a href="True" target="_blank">ðŸ“· View</a></td>
                </tr>
            
                <tr class="failed">
                    <td>6</td>
                    <td>test_basic_search</td>
                    <td>TestSearch</td>
                    <td><span class="status failed">FAILED</span></td>
                    <td>23.59s</td>
                    <td>self = <tests.test_search.TestSearch object at 0x10200d250>, driver = <selenium.webdriver.chrome.webdriver.WebDriver (session="2d12da839f19116a37dec74e250c74dc")>

    @allure.feature("Search")
    @allure.story("Basic Search")
    @allure.severity(allure.severity_level.NORMAL)
    def test_basic_search(self, driver):
    	"""Test basic search functionality"""
    	home_page = HomePage(driver)
    
    	search_query = "selenium testing"
    
    	with allure.step("Open home page"):
    		home_page.open()
    
    	with allure.step(f"Search for: {search_query}"):
>   		home_page.search(search_query)

tests/test_search.py:22: 
_ _ _ _ _ _ _ _ _ _ _ _ _ _ _ _ _ _ _ _ _ _ _ _ _ _ _ _ _ _ _ _ _ _ _ _ _ _ _ _ _ _ _ _ _ _ _ _ _ _ _ _ _ _ _ _ _ _ _ _ _ _ _ _ _ _ _ _ _ _ _ _ _ _ _ _ _ _ _ _ _ _ _ _ _ _ _ _ _ _ _ _ _ _ _ _ _ _ _ _ _
pages/sample_page.py:66: in search
    self.send_keys(self.SEARCH_BOX, query)
base/base_page.py:68: in send_keys
    element = self.find_element(locator, timeout)
              ^^^^^^^^^^^^^^^^^^^^^^^^^^^^^^^^^^^
base/base_page.py:35: in find_element
    element = wait.until(EC.presence_of_element_located(locator))
              ^^^^^^^^^^^^^^^^^^^^^^^^^^^^^^^^^^^^^^^^^^^^^^^^^^^
_ _ _ _ _ _ _ _ _ _ _ _ _ _ _ _ _ _ _ _ _ _ _ _ _ _ _ _ _ _ _ _ _ _ _ _ _ _ _ _ _ _ _ _ _ _ _ _ _ _ _ _ _ _ _ _ _ _ _ _ _ _ _ _ _ _ _ _ _ _ _ _ _ _ _ _ _ _ _ _ _ _ _ _ _ _ _ _ _ _ _ _ _ _ _ _ _ _ _ _ _

self = <selenium.webdriver.support.wait.WebDriverWait (session="2d12da839f19116a37dec74e250c74dc")>, method = <function presence_of_element_located.<locals>._predicate at 0x105f29940>, message = ''

    def until(self, method: Callable[[D], Union[Literal[False], T]], message: str = "") -> T:
        """Wait until the method returns a value that is not False.
    
        Calls the method provided with the driver as an argument until the
        return value does not evaluate to ``False``.
    
        Parameters:
        -----------
        method: callable(WebDriver)
            - A callable object that takes a WebDriver instance as an argument.
    
        message: str
            - Optional message for :exc:`TimeoutException`
    
        Return:
        -------
        object: T
            - The result of the last call to `method`
    
        Raises:
        -------
        TimeoutException
            - If 'method' does not return a truthy value within the WebDriverWait
            object's timeout
    
        Example:
        --------
        >>> from selenium.webdriver.common.by import By
        >>> from selenium.webdriver.support.ui import WebDriverWait
        >>> from selenium.webdriver.support import expected_conditions as EC
    
        # Wait until an element is visible on the page
        >>> wait = WebDriverWait(driver, 10)
        >>> element = wait.until(EC.visibility_of_element_located((By.ID, "exampleId")))
        >>> print(element.text)
        """
        screen = None
        stacktrace = None
    
        end_time = time.monotonic() + self._timeout
        while True:
            try:
                value = method(self._driver)
                if value:
                    return value
            except self._ignored_exceptions as exc:
                screen = getattr(exc, "screen", None)
                stacktrace = getattr(exc, "stacktrace", None)
            if time.monotonic() > end_time:
                break
            time.sleep(self._poll)
>       raise TimeoutException(message, screen, stacktrace)
E       selenium.common.exceptions.TimeoutException: Message: 
E       Stacktrace:
E       0   chromedriver                        0x0000000102e6ce6c cxxbridge1$str$ptr + 2722840
E       1   chromedriver                        0x0000000102e64d74 cxxbridge1$str$ptr + 2689824
E       2   chromedriver                        0x00000001029b63ec cxxbridge1$string$len + 90648
E       3   chromedriver                        0x00000001029fd544 cxxbridge1$string$len + 381808
E       4   chromedriver                        0x0000000102a3e934 cxxbridge1$string$len + 649056
E       5   chromedriver                        0x00000001029f1834 cxxbridge1$string$len + 333408
E       6   chromedriver                        0x0000000102e2ff88 cxxbridge1$str$ptr + 2473268
E       7   chromedriver                        0x0000000102e331f4 cxxbridge1$str$ptr + 2486176
E       8   chromedriver                        0x0000000102e119d0 cxxbridge1$str$ptr + 2348924
E       9   chromedriver                        0x0000000102e33ab0 cxxbridge1$str$ptr + 2488412
E       10  chromedriver                        0x0000000102e02a60 cxxbridge1$str$ptr + 2287628
E       11  chromedriver                        0x0000000102e539a0 cxxbridge1$str$ptr + 2619212
E       12  chromedriver                        0x0000000102e53b2c cxxbridge1$str$ptr + 2619608
E       13  chromedriver                        0x0000000102e649b0 cxxbridge1$str$ptr + 2688860
E       14  libsystem_pthread.dylib             0x000000018181ec0c _pthread_start + 136
E       15  libsystem_pthread.dylib             0x0000000181819b80 thread_start + 8

.venv/lib/python3.12/site-packages/selenium/webdriver/support/wait.py:138: TimeoutException</td>
                    <td><a href="True" target="_blank">ðŸ“· View</a></td>
                </tr>
            
                <tr class="failed">
                    <td>7</td>
                    <td>test_empty_search</td>
                    <td>TestSearch</td>
                    <td><span class="status failed">FAILED</span></td>
                    <td>23.45s</td>
                    <td>self = <tests.test_search.TestSearch object at 0x103c66300>, driver = <selenium.webdriver.chrome.webdriver.WebDriver (session="5ea8c84490a8ff11006d1dffd0585f7d")>

    @allure.feature("Search")
    @allure.story("Empty Search")
    @allure.severity(allure.severity_level.MINOR)
    def test_empty_search(self, driver):
    	"""Test search with empty query"""
    	home_page = HomePage(driver)
    
    	with allure.step("Open home page"):
    		home_page.open()
    
    	with allure.step("Perform empty search"):
>   		home_page.search("")

tests/test_search.py:39: 
_ _ _ _ _ _ _ _ _ _ _ _ _ _ _ _ _ _ _ _ _ _ _ _ _ _ _ _ _ _ _ _ _ _ _ _ _ _ _ _ _ _ _ _ _ _ _ _ _ _ _ _ _ _ _ _ _ _ _ _ _ _ _ _ _ _ _ _ _ _ _ _ _ _ _ _ _ _ _ _ _ _ _ _ _ _ _ _ _ _ _ _ _ _ _ _ _ _ _ _ _
pages/sample_page.py:66: in search
    self.send_keys(self.SEARCH_BOX, query)
base/base_page.py:68: in send_keys
    element = self.find_element(locator, timeout)
              ^^^^^^^^^^^^^^^^^^^^^^^^^^^^^^^^^^^
base/base_page.py:35: in find_element
    element = wait.until(EC.presence_of_element_located(locator))
              ^^^^^^^^^^^^^^^^^^^^^^^^^^^^^^^^^^^^^^^^^^^^^^^^^^^
_ _ _ _ _ _ _ _ _ _ _ _ _ _ _ _ _ _ _ _ _ _ _ _ _ _ _ _ _ _ _ _ _ _ _ _ _ _ _ _ _ _ _ _ _ _ _ _ _ _ _ _ _ _ _ _ _ _ _ _ _ _ _ _ _ _ _ _ _ _ _ _ _ _ _ _ _ _ _ _ _ _ _ _ _ _ _ _ _ _ _ _ _ _ _ _ _ _ _ _ _

self = <selenium.webdriver.support.wait.WebDriverWait (session="5ea8c84490a8ff11006d1dffd0585f7d")>, method = <function presence_of_element_located.<locals>._predicate at 0x105f2a340>, message = ''

    def until(self, method: Callable[[D], Union[Literal[False], T]], message: str = "") -> T:
        """Wait until the method returns a value that is not False.
    
        Calls the method provided with the driver as an argument until the
        return value does not evaluate to ``False``.
    
        Parameters:
        -----------
        method: callable(WebDriver)
            - A callable object that takes a WebDriver instance as an argument.
    
        message: str
            - Optional message for :exc:`TimeoutException`
    
        Return:
        -------
        object: T
            - The result of the last call to `method`
    
        Raises:
        -------
        TimeoutException
            - If 'method' does not return a truthy value within the WebDriverWait
            object's timeout
    
        Example:
        --------
        >>> from selenium.webdriver.common.by import By
        >>> from selenium.webdriver.support.ui import WebDriverWait
        >>> from selenium.webdriver.support import expected_conditions as EC
    
        # Wait until an element is visible on the page
        >>> wait = WebDriverWait(driver, 10)
        >>> element = wait.until(EC.visibility_of_element_located((By.ID, "exampleId")))
        >>> print(element.text)
        """
        screen = None
        stacktrace = None
    
        end_time = time.monotonic() + self._timeout
        while True:
            try:
                value = method(self._driver)
                if value:
                    return value
            except self._ignored_exceptions as exc:
                screen = getattr(exc, "screen", None)
                stacktrace = getattr(exc, "stacktrace", None)
            if time.monotonic() > end_time:
                break
            time.sleep(self._poll)
>       raise TimeoutException(message, screen, stacktrace)
E       selenium.common.exceptions.TimeoutException: Message: 
E       Stacktrace:
E       0   chromedriver                        0x0000000104d6ce6c cxxbridge1$str$ptr + 2722840
E       1   chromedriver                        0x0000000104d64d74 cxxbridge1$str$ptr + 2689824
E       2   chromedriver                        0x00000001048b63ec cxxbridge1$string$len + 90648
E       3   chromedriver                        0x00000001048fd544 cxxbridge1$string$len + 381808
E       4   chromedriver                        0x000000010493e934 cxxbridge1$string$len + 649056
E       5   chromedriver                        0x00000001048f1834 cxxbridge1$string$len + 333408
E       6   chromedriver                        0x0000000104d2ff88 cxxbridge1$str$ptr + 2473268
E       7   chromedriver                        0x0000000104d331f4 cxxbridge1$str$ptr + 2486176
E       8   chromedriver                        0x0000000104d119d0 cxxbridge1$str$ptr + 2348924
E       9   chromedriver                        0x0000000104d33ab0 cxxbridge1$str$ptr + 2488412
E       10  chromedriver                        0x0000000104d02a60 cxxbridge1$str$ptr + 2287628
E       11  chromedriver                        0x0000000104d539a0 cxxbridge1$str$ptr + 2619212
E       12  chromedriver                        0x0000000104d53b2c cxxbridge1$str$ptr + 2619608
E       13  chromedriver                        0x0000000104d649b0 cxxbridge1$str$ptr + 2688860
E       14  libsystem_pthread.dylib             0x000000018181ec0c _pthread_start + 136
E       15  libsystem_pthread.dylib             0x0000000181819b80 thread_start + 8

.venv/lib/python3.12/site-packages/selenium/webdriver/support/wait.py:138: TimeoutException</td>
                    <td><a href="True" target="_blank">ðŸ“· View</a></td>
                </tr>
            
                        </tbody>
                    </table>
                </div>

                <div class="footer">
                    <p>ðŸ”§ Generated by Selenium Test Framework | Â© 2024</p>
                </div>
            </div>

            <script>
                // Add some interactivity
                document.addEventListener('DOMContentLoaded', function() {
                    // Animate progress bar
                    setTimeout(() => {
                        const progressBar = document.querySelector('.progress-fill');
                        progressBar.style.width = '0.0%';
                    }, 500);

                    // Add click to expand error messages
                    document.querySelectorAll('.error-message').forEach(cell => {
                        if (cell.textContent.length > 50) {
                            const fullText = cell.textContent;
                            const shortText = fullText.substring(0, 50) + '...';
                            cell.textContent = shortText;
                            cell.style.cursor = 'pointer';
                            cell.title = 'Click to expand';

                            cell.addEventListener('click', function() {
                                if (this.textContent === shortText) {
                                    this.textContent = fullText;
                                    this.title = 'Click to collapse';
                                } else {
                                    this.textContent = shortText;
                                    this.title = 'Click to expand';
                                }
                            });
                        }
                    });
                });
            </script>
        </body>
        </html>
	