
        <!DOCTYPE html>
        <html lang="en">
        <head>
            <meta charset="UTF-8">
            <meta name="viewport" content="width=device-width, initial-scale=1.0">
            <title>Test Execution Report</title>
            <style>
                * {
                    margin: 0;
                    padding: 0;
                    box-sizing: border-box;
                }

                body {
                    font-family: 'Segoe UI', Tahoma, Geneva, Verdana, sans-serif;
                    background: #f5f5f5;
                    color: #333;
                    line-height: 1.6;
                }

                .container {
                    max-width: 1200px;
                    margin: 0 auto;
                    padding: 20px;
                }

                .header {
                    background: linear-gradient(135deg, #667eea 0%, #764ba2 100%);
                    color: white;
                    padding: 30px;
                    border-radius: 10px;
                    margin-bottom: 30px;
                    text-align: center;
                }

                .header h1 {
                    font-size: 2.5em;
                    margin-bottom: 10px;
                }

                .header .timestamp {
                    opacity: 0.9;
                    font-size: 1.1em;
                }

                .summary {
                    display: grid;
                    grid-template-columns: repeat(auto-fit, minmax(200px, 1fr));
                    gap: 20px;
                    margin-bottom: 30px;
                }

                .summary-card {
                    background: white;
                    padding: 25px;
                    border-radius: 10px;
                    box-shadow: 0 2px 10px rgba(0,0,0,0.1);
                    text-align: center;
                    transition: transform 0.3s ease;
                }

                .summary-card:hover {
                    transform: translateY(-5px);
                }

                .summary-card h3 {
                    font-size: 2.5em;
                    margin-bottom: 10px;
                    font-weight: bold;
                }

                .summary-card p {
                    color: #666;
                    font-size: 1.1em;
                }

                .total { color: #3498db; }
                .passed { color: #27ae60; }
                .failed { color: #e74c3c; }
                .skipped { color: #f39c12; }

                .pass-rate {
                    background: white;
                    padding: 25px;
                    border-radius: 10px;
                    box-shadow: 0 2px 10px rgba(0,0,0,0.1);
                    margin-bottom: 30px;
                    text-align: center;
                }

                .progress-bar {
                    width: 100%;
                    height: 30px;
                    background: #ecf0f1;
                    border-radius: 15px;
                    overflow: hidden;
                    margin: 15px 0;
                }

                .progress-fill {
                    height: 100%;
                    background: linear-gradient(90deg, #27ae60, #2ecc71);
                    width: 0.0%;
                    transition: width 1s ease;
                }

                .tests-table {
                    background: white;
                    border-radius: 10px;
                    box-shadow: 0 2px 10px rgba(0,0,0,0.1);
                    overflow: hidden;
                }

                .table-header {
                    background: #34495e;
                    color: white;
                    padding: 20px;
                }

                table {
                    width: 100%;
                    border-collapse: collapse;
                }

                th, td {
                    padding: 15px;
                    text-align: left;
                    border-bottom: 1px solid #ecf0f1;
                }

                th {
                    background: #34495e;
                    color: white;
                    font-weight: 600;
                }

                tr:hover {
                    background: #f8f9fa;
                }

                .status {
                    padding: 5px 12px;
                    border-radius: 20px;
                    font-weight: bold;
                    text-transform: uppercase;
                    font-size: 0.8em;
                }

                .status.passed {
                    background: #d4edda;
                    color: #155724;
                }

                .status.failed {
                    background: #f8d7da;
                    color: #721c24;
                }

                .status.skipped {
                    background: #fff3cd;
                    color: #856404;
                }

                .error-message {
                    max-width: 300px;
                    word-wrap: break-word;
                    font-size: 0.9em;
                    color: #e74c3c;
                }

                .footer {
                    text-align: center;
                    margin-top: 30px;
                    padding: 20px;
                    color: #666;
                }

                @media (max-width: 768px) {
                    .container {
                        padding: 10px;
                    }

                    .summary {
                        grid-template-columns: 1fr;
                    }

                    table {
                        font-size: 0.9em;
                    }

                    th, td {
                        padding: 10px 5px;
                    }
                }
            </style>
        </head>
        <body>
            <div class="container">
                <div class="header">
                    <h1>ðŸš€ Test Execution Report</h1>
                    <div class="timestamp">Generated on: 2025-07-20 12:57:50</div>
                </div>

                <div class="summary">
                    <div class="summary-card">
                        <h3 class="total">5</h3>
                        <p>Total Tests</p>
                    </div>
                    <div class="summary-card">
                        <h3 class="passed">0</h3>
                        <p>Passed</p>
                    </div>
                    <div class="summary-card">
                        <h3 class="failed">5</h3>
                        <p>Failed</p>
                    </div>
                    <div class="summary-card">
                        <h3 class="skipped">0</h3>
                        <p>Skipped</p>
                    </div>
                </div>

                <div class="pass-rate">
                    <h2>Pass Rate: 0.0%</h2>
                    <div class="progress-bar">
                        <div class="progress-fill"></div>
                    </div>
                </div>

                <div class="tests-table">
                    <div class="table-header">
                        <h2>ðŸ“‹ Test Results Details</h2>
                    </div>
                    <table>
                        <thead>
                            <tr>
                                <th>#</th>
                                <th>Test Name</th>
                                <th>Test Class</th>
                                <th>Status</th>
                                <th>Duration</th>
                                <th>Error Message</th>
                                <th>Screenshot</th>
                            </tr>
                        </thead>
                        <tbody>
                            
                <tr class="failed">
                    <td>1</td>
                    <td>test_valid_login</td>
                    <td>TestLogin</td>
                    <td><span class="status failed">FAILED</span></td>
                    <td>20.56s</td>
                    <td>self = <tests.test_login.TestLogin object at 0x1038524e0>
driver = <selenium.webdriver.chrome.webdriver.WebDriver (session="f1d2cbe2814f1c02813fb3db3f315c06")>

    @allure.feature("Authentication")
    @allure.story("Valid Login")
    @allure.severity(allure.severity_level.CRITICAL)
    def test_valid_login(self, driver):
    	"""Test valid login credentials"""
    	login_page = LoginPage(driver)
    	home_page = HomePage(driver)
    
    	# Test data
    	username = "testuser@example.com"
    	password = "testpassword123"
    
    	# Test steps
    	with allure.step("Open login page"):
    		login_page.open_login_page()
    
    	with allure.step("Enter valid credentials"):
>   		login_page.login(username, password)

tests/test_login.py:27: 
_ _ _ _ _ _ _ _ _ _ _ _ _ _ _ _ _ _ _ _ _ _ _ _ _ _ _ _ _ _ _ _ _ _ _ _ _ _ _ _ _ _ _ _ _ _ _ _ _ _ _ _ _ _ _ _ _ _ _ _ _ _ _ _ _ _ _ _ _ _ _ _ _ _
pages/pages.py:46: in login
    self.enter_username(username)
pages/pages.py:34: in enter_username
    self.send_keys(self.USERNAME_INPUT, username)
base/base_page.py:68: in send_keys
    element = self.find_element(locator, timeout)
base/base_page.py:35: in find_element
    element = wait.until(EC.presence_of_element_located(locator))
_ _ _ _ _ _ _ _ _ _ _ _ _ _ _ _ _ _ _ _ _ _ _ _ _ _ _ _ _ _ _ _ _ _ _ _ _ _ _ _ _ _ _ _ _ _ _ _ _ _ _ _ _ _ _ _ _ _ _ _ _ _ _ _ _ _ _ _ _ _ _ _ _ _

self = <selenium.webdriver.support.wait.WebDriverWait (session="f1d2cbe2814f1c02813fb3db3f315c06")>
method = <function presence_of_element_located.<locals>._predicate at 0x103df89a0>, message = ''

    def until(self, method: Callable[[WebDriver], Union[Literal[False], T]], message: str = "") -> T:
        """Calls the method provided with the driver as an argument until the \
        return value does not evaluate to ``False``.
    
        :param method: callable(WebDriver)
        :param message: optional message for :exc:`TimeoutException`
        :returns: the result of the last call to `method`
        :raises: :exc:`selenium.common.exceptions.TimeoutException` if timeout occurs
        """
        screen = None
        stacktrace = None
    
        end_time = time.monotonic() + self._timeout
        while True:
            try:
                value = method(self._driver)
                if value:
                    return value
            except self._ignored_exceptions as exc:
                screen = getattr(exc, "screen", None)
                stacktrace = getattr(exc, "stacktrace", None)
            time.sleep(self._poll)
            if time.monotonic() > end_time:
                break
>       raise TimeoutException(message, screen, stacktrace)
E       selenium.common.exceptions.TimeoutException: Message: 
E       Stacktrace:
E       0   chromedriver                        0x000000010458355c cxxbridge1$str$ptr + 2731064
E       1   chromedriver                        0x000000010457b454 cxxbridge1$str$ptr + 2698032
E       2   chromedriver                        0x00000001040ca3f8 cxxbridge1$string$len + 90664
E       3   chromedriver                        0x000000010411171c cxxbridge1$string$len + 382284
E       4   chromedriver                        0x0000000104152b1c cxxbridge1$string$len + 649548
E       5   chromedriver                        0x0000000104105a0c cxxbridge1$string$len + 333884
E       6   chromedriver                        0x00000001045465e0 cxxbridge1$str$ptr + 2481340
E       7   chromedriver                        0x0000000104549848 cxxbridge1$str$ptr + 2494244
E       8   chromedriver                        0x0000000104527234 cxxbridge1$str$ptr + 2353424
E       9   chromedriver                        0x000000010454a104 cxxbridge1$str$ptr + 2496480
E       10  chromedriver                        0x00000001045182e4 cxxbridge1$str$ptr + 2292160
E       11  chromedriver                        0x0000000104569ff8 cxxbridge1$str$ptr + 2627284
E       12  chromedriver                        0x000000010456a184 cxxbridge1$str$ptr + 2627680
E       13  chromedriver                        0x000000010457b090 cxxbridge1$str$ptr + 2697068
E       14  libsystem_pthread.dylib             0x000000018181ec0c _pthread_start + 136
E       15  libsystem_pthread.dylib             0x0000000181819b80 thread_start + 8

/Library/Frameworks/Python.framework/Versions/3.12/lib/python3.12/site-packages/selenium/webdriver/support/wait.py:101: TimeoutException</td>
                    <td><a href="True" target="_blank">ðŸ“· View</a></td>
                </tr>
            
                <tr class="failed">
                    <td>2</td>
                    <td>test_invalid_login</td>
                    <td>TestLogin</td>
                    <td><span class="status failed">FAILED</span></td>
                    <td>20.22s</td>
                    <td>self = <tests.test_login.TestLogin object at 0x1038530e0>
driver = <selenium.webdriver.chrome.webdriver.WebDriver (session="c85bc1cead69b88bdb2ba7a2360d78c7")>

    @allure.feature("Authentication")
    @allure.story("Invalid Login")
    @allure.severity(allure.severity_level.CRITICAL)
    def test_invalid_login(self, driver):
    	"""Test invalid login credentials"""
    	login_page = LoginPage(driver)
    
    	# Test data
    	username = "invalid@example.com"
    	password = "wrongpassword"
    
    	# Test steps
    	with allure.step("Open login page"):
    		login_page.open_login_page()
    
    	with allure.step("Enter invalid credentials"):
>   		login_page.login(username, password)

tests/test_login.py:49: 
_ _ _ _ _ _ _ _ _ _ _ _ _ _ _ _ _ _ _ _ _ _ _ _ _ _ _ _ _ _ _ _ _ _ _ _ _ _ _ _ _ _ _ _ _ _ _ _ _ _ _ _ _ _ _ _ _ _ _ _ _ _ _ _ _ _ _ _ _ _ _ _ _ _
pages/pages.py:46: in login
    self.enter_username(username)
pages/pages.py:34: in enter_username
    self.send_keys(self.USERNAME_INPUT, username)
base/base_page.py:68: in send_keys
    element = self.find_element(locator, timeout)
base/base_page.py:35: in find_element
    element = wait.until(EC.presence_of_element_located(locator))
_ _ _ _ _ _ _ _ _ _ _ _ _ _ _ _ _ _ _ _ _ _ _ _ _ _ _ _ _ _ _ _ _ _ _ _ _ _ _ _ _ _ _ _ _ _ _ _ _ _ _ _ _ _ _ _ _ _ _ _ _ _ _ _ _ _ _ _ _ _ _ _ _ _

self = <selenium.webdriver.support.wait.WebDriverWait (session="c85bc1cead69b88bdb2ba7a2360d78c7")>
method = <function presence_of_element_located.<locals>._predicate at 0x103e21ee0>, message = ''

    def until(self, method: Callable[[WebDriver], Union[Literal[False], T]], message: str = "") -> T:
        """Calls the method provided with the driver as an argument until the \
        return value does not evaluate to ``False``.
    
        :param method: callable(WebDriver)
        :param message: optional message for :exc:`TimeoutException`
        :returns: the result of the last call to `method`
        :raises: :exc:`selenium.common.exceptions.TimeoutException` if timeout occurs
        """
        screen = None
        stacktrace = None
    
        end_time = time.monotonic() + self._timeout
        while True:
            try:
                value = method(self._driver)
                if value:
                    return value
            except self._ignored_exceptions as exc:
                screen = getattr(exc, "screen", None)
                stacktrace = getattr(exc, "stacktrace", None)
            time.sleep(self._poll)
            if time.monotonic() > end_time:
                break
>       raise TimeoutException(message, screen, stacktrace)
E       selenium.common.exceptions.TimeoutException: Message: 
E       Stacktrace:
E       0   chromedriver                        0x0000000104c5355c cxxbridge1$str$ptr + 2731064
E       1   chromedriver                        0x0000000104c4b454 cxxbridge1$str$ptr + 2698032
E       2   chromedriver                        0x000000010479a3f8 cxxbridge1$string$len + 90664
E       3   chromedriver                        0x00000001047e171c cxxbridge1$string$len + 382284
E       4   chromedriver                        0x0000000104822b1c cxxbridge1$string$len + 649548
E       5   chromedriver                        0x00000001047d5a0c cxxbridge1$string$len + 333884
E       6   chromedriver                        0x0000000104c165e0 cxxbridge1$str$ptr + 2481340
E       7   chromedriver                        0x0000000104c19848 cxxbridge1$str$ptr + 2494244
E       8   chromedriver                        0x0000000104bf7234 cxxbridge1$str$ptr + 2353424
E       9   chromedriver                        0x0000000104c1a104 cxxbridge1$str$ptr + 2496480
E       10  chromedriver                        0x0000000104be82e4 cxxbridge1$str$ptr + 2292160
E       11  chromedriver                        0x0000000104c39ff8 cxxbridge1$str$ptr + 2627284
E       12  chromedriver                        0x0000000104c3a184 cxxbridge1$str$ptr + 2627680
E       13  chromedriver                        0x0000000104c4b090 cxxbridge1$str$ptr + 2697068
E       14  libsystem_pthread.dylib             0x000000018181ec0c _pthread_start + 136
E       15  libsystem_pthread.dylib             0x0000000181819b80 thread_start + 8

/Library/Frameworks/Python.framework/Versions/3.12/lib/python3.12/site-packages/selenium/webdriver/support/wait.py:101: TimeoutException</td>
                    <td><a href="True" target="_blank">ðŸ“· View</a></td>
                </tr>
            
                <tr class="failed">
                    <td>3</td>
                    <td>test_empty_credentials[--Username and password are required]</td>
                    <td>TestLogin</td>
                    <td><span class="status failed">FAILED</span></td>
                    <td>20.30s</td>
                    <td>self = <tests.test_login.TestLogin object at 0x1035aa780>
driver = <selenium.webdriver.chrome.webdriver.WebDriver (session="33edb431cec831d71c65df23996b9408")>, username = '', password = ''
expected_error = 'Username and password are required'

    @allure.feature("Authentication")
    @allure.story("Empty Credentials")
    @allure.severity(allure.severity_level.NORMAL)
    @pytest.mark.parametrize("username,password,expected_error", [
    	("", "", "Username and password are required"),
    	("user@test.com", "", "Password is required"),
    	("", "password123", "Username is required")
    ])
    def test_empty_credentials(self, driver, username, password, expected_error):
    	"""Test login with empty credentials"""
    	login_page = LoginPage(driver)
    
    	with allure.step("Open login page"):
    		login_page.open_login_page()
    
    	with allure.step(f"Enter credentials: {username}, {password}"):
>   		login_page.login(username, password)

tests/test_login.py:72: 
_ _ _ _ _ _ _ _ _ _ _ _ _ _ _ _ _ _ _ _ _ _ _ _ _ _ _ _ _ _ _ _ _ _ _ _ _ _ _ _ _ _ _ _ _ _ _ _ _ _ _ _ _ _ _ _ _ _ _ _ _ _ _ _ _ _ _ _ _ _ _ _ _ _
pages/pages.py:46: in login
    self.enter_username(username)
pages/pages.py:34: in enter_username
    self.send_keys(self.USERNAME_INPUT, username)
base/base_page.py:68: in send_keys
    element = self.find_element(locator, timeout)
base/base_page.py:35: in find_element
    element = wait.until(EC.presence_of_element_located(locator))
_ _ _ _ _ _ _ _ _ _ _ _ _ _ _ _ _ _ _ _ _ _ _ _ _ _ _ _ _ _ _ _ _ _ _ _ _ _ _ _ _ _ _ _ _ _ _ _ _ _ _ _ _ _ _ _ _ _ _ _ _ _ _ _ _ _ _ _ _ _ _ _ _ _

self = <selenium.webdriver.support.wait.WebDriverWait (session="33edb431cec831d71c65df23996b9408")>
method = <function presence_of_element_located.<locals>._predicate at 0x103e22340>, message = ''

    def until(self, method: Callable[[WebDriver], Union[Literal[False], T]], message: str = "") -> T:
        """Calls the method provided with the driver as an argument until the \
        return value does not evaluate to ``False``.
    
        :param method: callable(WebDriver)
        :param message: optional message for :exc:`TimeoutException`
        :returns: the result of the last call to `method`
        :raises: :exc:`selenium.common.exceptions.TimeoutException` if timeout occurs
        """
        screen = None
        stacktrace = None
    
        end_time = time.monotonic() + self._timeout
        while True:
            try:
                value = method(self._driver)
                if value:
                    return value
            except self._ignored_exceptions as exc:
                screen = getattr(exc, "screen", None)
                stacktrace = getattr(exc, "stacktrace", None)
            time.sleep(self._poll)
            if time.monotonic() > end_time:
                break
>       raise TimeoutException(message, screen, stacktrace)
E       selenium.common.exceptions.TimeoutException: Message: 
E       Stacktrace:
E       0   chromedriver                        0x00000001047f355c cxxbridge1$str$ptr + 2731064
E       1   chromedriver                        0x00000001047eb454 cxxbridge1$str$ptr + 2698032
E       2   chromedriver                        0x000000010433a3f8 cxxbridge1$string$len + 90664
E       3   chromedriver                        0x000000010438171c cxxbridge1$string$len + 382284
E       4   chromedriver                        0x00000001043c2b1c cxxbridge1$string$len + 649548
E       5   chromedriver                        0x0000000104375a0c cxxbridge1$string$len + 333884
E       6   chromedriver                        0x00000001047b65e0 cxxbridge1$str$ptr + 2481340
E       7   chromedriver                        0x00000001047b9848 cxxbridge1$str$ptr + 2494244
E       8   chromedriver                        0x0000000104797234 cxxbridge1$str$ptr + 2353424
E       9   chromedriver                        0x00000001047ba104 cxxbridge1$str$ptr + 2496480
E       10  chromedriver                        0x00000001047882e4 cxxbridge1$str$ptr + 2292160
E       11  chromedriver                        0x00000001047d9ff8 cxxbridge1$str$ptr + 2627284
E       12  chromedriver                        0x00000001047da184 cxxbridge1$str$ptr + 2627680
E       13  chromedriver                        0x00000001047eb090 cxxbridge1$str$ptr + 2697068
E       14  libsystem_pthread.dylib             0x000000018181ec0c _pthread_start + 136
E       15  libsystem_pthread.dylib             0x0000000181819b80 thread_start + 8

/Library/Frameworks/Python.framework/Versions/3.12/lib/python3.12/site-packages/selenium/webdriver/support/wait.py:101: TimeoutException</td>
                    <td><a href="True" target="_blank">ðŸ“· View</a></td>
                </tr>
            
                <tr class="failed">
                    <td>4</td>
                    <td>test_empty_credentials[user@test.com--Password is required]</td>
                    <td>TestLogin</td>
                    <td><span class="status failed">FAILED</span></td>
                    <td>20.25s</td>
                    <td>self = <tests.test_login.TestLogin object at 0x103821010>
driver = <selenium.webdriver.chrome.webdriver.WebDriver (session="29de766f2b285fa2ee66d705c3264ce7")>, username = 'user@test.com', password = ''
expected_error = 'Password is required'

    @allure.feature("Authentication")
    @allure.story("Empty Credentials")
    @allure.severity(allure.severity_level.NORMAL)
    @pytest.mark.parametrize("username,password,expected_error", [
    	("", "", "Username and password are required"),
    	("user@test.com", "", "Password is required"),
    	("", "password123", "Username is required")
    ])
    def test_empty_credentials(self, driver, username, password, expected_error):
    	"""Test login with empty credentials"""
    	login_page = LoginPage(driver)
    
    	with allure.step("Open login page"):
    		login_page.open_login_page()
    
    	with allure.step(f"Enter credentials: {username}, {password}"):
>   		login_page.login(username, password)

tests/test_login.py:72: 
_ _ _ _ _ _ _ _ _ _ _ _ _ _ _ _ _ _ _ _ _ _ _ _ _ _ _ _ _ _ _ _ _ _ _ _ _ _ _ _ _ _ _ _ _ _ _ _ _ _ _ _ _ _ _ _ _ _ _ _ _ _ _ _ _ _ _ _ _ _ _ _ _ _
pages/pages.py:46: in login
    self.enter_username(username)
pages/pages.py:34: in enter_username
    self.send_keys(self.USERNAME_INPUT, username)
base/base_page.py:68: in send_keys
    element = self.find_element(locator, timeout)
base/base_page.py:35: in find_element
    element = wait.until(EC.presence_of_element_located(locator))
_ _ _ _ _ _ _ _ _ _ _ _ _ _ _ _ _ _ _ _ _ _ _ _ _ _ _ _ _ _ _ _ _ _ _ _ _ _ _ _ _ _ _ _ _ _ _ _ _ _ _ _ _ _ _ _ _ _ _ _ _ _ _ _ _ _ _ _ _ _ _ _ _ _

self = <selenium.webdriver.support.wait.WebDriverWait (session="29de766f2b285fa2ee66d705c3264ce7")>
method = <function presence_of_element_located.<locals>._predicate at 0x103e22660>, message = ''

    def until(self, method: Callable[[WebDriver], Union[Literal[False], T]], message: str = "") -> T:
        """Calls the method provided with the driver as an argument until the \
        return value does not evaluate to ``False``.
    
        :param method: callable(WebDriver)
        :param message: optional message for :exc:`TimeoutException`
        :returns: the result of the last call to `method`
        :raises: :exc:`selenium.common.exceptions.TimeoutException` if timeout occurs
        """
        screen = None
        stacktrace = None
    
        end_time = time.monotonic() + self._timeout
        while True:
            try:
                value = method(self._driver)
                if value:
                    return value
            except self._ignored_exceptions as exc:
                screen = getattr(exc, "screen", None)
                stacktrace = getattr(exc, "stacktrace", None)
            time.sleep(self._poll)
            if time.monotonic() > end_time:
                break
>       raise TimeoutException(message, screen, stacktrace)
E       selenium.common.exceptions.TimeoutException: Message: 
E       Stacktrace:
E       0   chromedriver                        0x00000001052cb55c cxxbridge1$str$ptr + 2731064
E       1   chromedriver                        0x00000001052c3454 cxxbridge1$str$ptr + 2698032
E       2   chromedriver                        0x0000000104e123f8 cxxbridge1$string$len + 90664
E       3   chromedriver                        0x0000000104e5971c cxxbridge1$string$len + 382284
E       4   chromedriver                        0x0000000104e9ab1c cxxbridge1$string$len + 649548
E       5   chromedriver                        0x0000000104e4da0c cxxbridge1$string$len + 333884
E       6   chromedriver                        0x000000010528e5e0 cxxbridge1$str$ptr + 2481340
E       7   chromedriver                        0x0000000105291848 cxxbridge1$str$ptr + 2494244
E       8   chromedriver                        0x000000010526f234 cxxbridge1$str$ptr + 2353424
E       9   chromedriver                        0x0000000105292104 cxxbridge1$str$ptr + 2496480
E       10  chromedriver                        0x00000001052602e4 cxxbridge1$str$ptr + 2292160
E       11  chromedriver                        0x00000001052b1ff8 cxxbridge1$str$ptr + 2627284
E       12  chromedriver                        0x00000001052b2184 cxxbridge1$str$ptr + 2627680
E       13  chromedriver                        0x00000001052c3090 cxxbridge1$str$ptr + 2697068
E       14  libsystem_pthread.dylib             0x000000018181ec0c _pthread_start + 136
E       15  libsystem_pthread.dylib             0x0000000181819b80 thread_start + 8

/Library/Frameworks/Python.framework/Versions/3.12/lib/python3.12/site-packages/selenium/webdriver/support/wait.py:101: TimeoutException</td>
                    <td><a href="True" target="_blank">ðŸ“· View</a></td>
                </tr>
            
                <tr class="failed">
                    <td>5</td>
                    <td>test_empty_credentials[-password123-Username is required]</td>
                    <td>TestLogin</td>
                    <td><span class="status failed">FAILED</span></td>
                    <td>20.22s</td>
                    <td>self = <tests.test_login.TestLogin object at 0x103de51f0>
driver = <selenium.webdriver.chrome.webdriver.WebDriver (session="7a350bbfa6b97888a29869076a27e175")>, username = '', password = 'password123'
expected_error = 'Username is required'

    @allure.feature("Authentication")
    @allure.story("Empty Credentials")
    @allure.severity(allure.severity_level.NORMAL)
    @pytest.mark.parametrize("username,password,expected_error", [
    	("", "", "Username and password are required"),
    	("user@test.com", "", "Password is required"),
    	("", "password123", "Username is required")
    ])
    def test_empty_credentials(self, driver, username, password, expected_error):
    	"""Test login with empty credentials"""
    	login_page = LoginPage(driver)
    
    	with allure.step("Open login page"):
    		login_page.open_login_page()
    
    	with allure.step(f"Enter credentials: {username}, {password}"):
>   		login_page.login(username, password)

tests/test_login.py:72: 
_ _ _ _ _ _ _ _ _ _ _ _ _ _ _ _ _ _ _ _ _ _ _ _ _ _ _ _ _ _ _ _ _ _ _ _ _ _ _ _ _ _ _ _ _ _ _ _ _ _ _ _ _ _ _ _ _ _ _ _ _ _ _ _ _ _ _ _ _ _ _ _ _ _
pages/pages.py:46: in login
    self.enter_username(username)
pages/pages.py:34: in enter_username
    self.send_keys(self.USERNAME_INPUT, username)
base/base_page.py:68: in send_keys
    element = self.find_element(locator, timeout)
base/base_page.py:35: in find_element
    element = wait.until(EC.presence_of_element_located(locator))
_ _ _ _ _ _ _ _ _ _ _ _ _ _ _ _ _ _ _ _ _ _ _ _ _ _ _ _ _ _ _ _ _ _ _ _ _ _ _ _ _ _ _ _ _ _ _ _ _ _ _ _ _ _ _ _ _ _ _ _ _ _ _ _ _ _ _ _ _ _ _ _ _ _

self = <selenium.webdriver.support.wait.WebDriverWait (session="7a350bbfa6b97888a29869076a27e175")>
method = <function presence_of_element_located.<locals>._predicate at 0x103e21ee0>, message = ''

    def until(self, method: Callable[[WebDriver], Union[Literal[False], T]], message: str = "") -> T:
        """Calls the method provided with the driver as an argument until the \
        return value does not evaluate to ``False``.
    
        :param method: callable(WebDriver)
        :param message: optional message for :exc:`TimeoutException`
        :returns: the result of the last call to `method`
        :raises: :exc:`selenium.common.exceptions.TimeoutException` if timeout occurs
        """
        screen = None
        stacktrace = None
    
        end_time = time.monotonic() + self._timeout
        while True:
            try:
                value = method(self._driver)
                if value:
                    return value
            except self._ignored_exceptions as exc:
                screen = getattr(exc, "screen", None)
                stacktrace = getattr(exc, "stacktrace", None)
            time.sleep(self._poll)
            if time.monotonic() > end_time:
                break
>       raise TimeoutException(message, screen, stacktrace)
E       selenium.common.exceptions.TimeoutException: Message: 
E       Stacktrace:
E       0   chromedriver                        0x0000000100b2b55c cxxbridge1$str$ptr + 2731064
E       1   chromedriver                        0x0000000100b23454 cxxbridge1$str$ptr + 2698032
E       2   chromedriver                        0x00000001006723f8 cxxbridge1$string$len + 90664
E       3   chromedriver                        0x00000001006b971c cxxbridge1$string$len + 382284
E       4   chromedriver                        0x00000001006fab1c cxxbridge1$string$len + 649548
E       5   chromedriver                        0x00000001006ada0c cxxbridge1$string$len + 333884
E       6   chromedriver                        0x0000000100aee5e0 cxxbridge1$str$ptr + 2481340
E       7   chromedriver                        0x0000000100af1848 cxxbridge1$str$ptr + 2494244
E       8   chromedriver                        0x0000000100acf234 cxxbridge1$str$ptr + 2353424
E       9   chromedriver                        0x0000000100af2104 cxxbridge1$str$ptr + 2496480
E       10  chromedriver                        0x0000000100ac02e4 cxxbridge1$str$ptr + 2292160
E       11  chromedriver                        0x0000000100b11ff8 cxxbridge1$str$ptr + 2627284
E       12  chromedriver                        0x0000000100b12184 cxxbridge1$str$ptr + 2627680
E       13  chromedriver                        0x0000000100b23090 cxxbridge1$str$ptr + 2697068
E       14  libsystem_pthread.dylib             0x000000018181ec0c _pthread_start + 136
E       15  libsystem_pthread.dylib             0x0000000181819b80 thread_start + 8

/Library/Frameworks/Python.framework/Versions/3.12/lib/python3.12/site-packages/selenium/webdriver/support/wait.py:101: TimeoutException</td>
                    <td><a href="True" target="_blank">ðŸ“· View</a></td>
                </tr>
            
                        </tbody>
                    </table>
                </div>

                <div class="footer">
                    <p>ðŸ”§ Generated by Selenium Test Framework | Â© 2024</p>
                </div>
            </div>

            <script>
                // Add some interactivity
                document.addEventListener('DOMContentLoaded', function() {
                    // Animate progress bar
                    setTimeout(() => {
                        const progressBar = document.querySelector('.progress-fill');
                        progressBar.style.width = '0.0%';
                    }, 500);

                    // Add click to expand error messages
                    document.querySelectorAll('.error-message').forEach(cell => {
                        if (cell.textContent.length > 50) {
                            const fullText = cell.textContent;
                            const shortText = fullText.substring(0, 50) + '...';
                            cell.textContent = shortText;
                            cell.style.cursor = 'pointer';
                            cell.title = 'Click to expand';

                            cell.addEventListener('click', function() {
                                if (this.textContent === shortText) {
                                    this.textContent = fullText;
                                    this.title = 'Click to collapse';
                                } else {
                                    this.textContent = shortText;
                                    this.title = 'Click to expand';
                                }
                            });
                        }
                    });
                });
            </script>
        </body>
        </html>
	