
        <!DOCTYPE html>
        <html lang="en">
        <head>
            <meta charset="UTF-8">
            <meta name="viewport" content="width=device-width, initial-scale=1.0">
            <title>Test Execution Report</title>
            <style>
                * {
                    margin: 0;
                    padding: 0;
                    box-sizing: border-box;
                }

                body {
                    font-family: 'Segoe UI', Tahoma, Geneva, Verdana, sans-serif;
                    background: #f5f5f5;
                    color: #333;
                    line-height: 1.6;
                }

                .container {
                    max-width: 1200px;
                    margin: 0 auto;
                    padding: 20px;
                }

                .header {
                    background: linear-gradient(135deg, #667eea 0%, #764ba2 100%);
                    color: white;
                    padding: 30px;
                    border-radius: 10px;
                    margin-bottom: 30px;
                    text-align: center;
                }

                .header h1 {
                    font-size: 2.5em;
                    margin-bottom: 10px;
                }

                .header .timestamp {
                    opacity: 0.9;
                    font-size: 1.1em;
                }

                .summary {
                    display: grid;
                    grid-template-columns: repeat(auto-fit, minmax(200px, 1fr));
                    gap: 20px;
                    margin-bottom: 30px;
                }

                .summary-card {
                    background: white;
                    padding: 25px;
                    border-radius: 10px;
                    box-shadow: 0 2px 10px rgba(0,0,0,0.1);
                    text-align: center;
                    transition: transform 0.3s ease;
                }

                .summary-card:hover {
                    transform: translateY(-5px);
                }

                .summary-card h3 {
                    font-size: 2.5em;
                    margin-bottom: 10px;
                    font-weight: bold;
                }

                .summary-card p {
                    color: #666;
                    font-size: 1.1em;
                }

                .total { color: #3498db; }
                .passed { color: #27ae60; }
                .failed { color: #e74c3c; }
                .skipped { color: #f39c12; }

                .pass-rate {
                    background: white;
                    padding: 25px;
                    border-radius: 10px;
                    box-shadow: 0 2px 10px rgba(0,0,0,0.1);
                    margin-bottom: 30px;
                    text-align: center;
                }

                .progress-bar {
                    width: 100%;
                    height: 30px;
                    background: #ecf0f1;
                    border-radius: 15px;
                    overflow: hidden;
                    margin: 15px 0;
                }

                .progress-fill {
                    height: 100%;
                    background: linear-gradient(90deg, #27ae60, #2ecc71);
                    width: 0.0%;
                    transition: width 1s ease;
                }

                .tests-table {
                    background: white;
                    border-radius: 10px;
                    box-shadow: 0 2px 10px rgba(0,0,0,0.1);
                    overflow: hidden;
                }

                .table-header {
                    background: #34495e;
                    color: white;
                    padding: 20px;
                }

                table {
                    width: 100%;
                    border-collapse: collapse;
                }

                th, td {
                    padding: 15px;
                    text-align: left;
                    border-bottom: 1px solid #ecf0f1;
                }

                th {
                    background: #34495e;
                    color: white;
                    font-weight: 600;
                }

                tr:hover {
                    background: #f8f9fa;
                }

                .status {
                    padding: 5px 12px;
                    border-radius: 20px;
                    font-weight: bold;
                    text-transform: uppercase;
                    font-size: 0.8em;
                }

                .status.passed {
                    background: #d4edda;
                    color: #155724;
                }

                .status.failed {
                    background: #f8d7da;
                    color: #721c24;
                }

                .status.skipped {
                    background: #fff3cd;
                    color: #856404;
                }

                .error-message {
                    max-width: 300px;
                    word-wrap: break-word;
                    font-size: 0.9em;
                    color: #e74c3c;
                }

                .footer {
                    text-align: center;
                    margin-top: 30px;
                    padding: 20px;
                    color: #666;
                }

                @media (max-width: 768px) {
                    .container {
                        padding: 10px;
                    }

                    .summary {
                        grid-template-columns: 1fr;
                    }

                    table {
                        font-size: 0.9em;
                    }

                    th, td {
                        padding: 10px 5px;
                    }
                }
            </style>
        </head>
        <body>
            <div class="container">
                <div class="header">
                    <h1>ðŸš€ Test Execution Report</h1>
                    <div class="timestamp">Generated on: 2025-07-20 13:25:52</div>
                </div>

                <div class="summary">
                    <div class="summary-card">
                        <h3 class="total">5</h3>
                        <p>Total Tests</p>
                    </div>
                    <div class="summary-card">
                        <h3 class="passed">0</h3>
                        <p>Passed</p>
                    </div>
                    <div class="summary-card">
                        <h3 class="failed">5</h3>
                        <p>Failed</p>
                    </div>
                    <div class="summary-card">
                        <h3 class="skipped">0</h3>
                        <p>Skipped</p>
                    </div>
                </div>

                <div class="pass-rate">
                    <h2>Pass Rate: 0.0%</h2>
                    <div class="progress-bar">
                        <div class="progress-fill"></div>
                    </div>
                </div>

                <div class="tests-table">
                    <div class="table-header">
                        <h2>ðŸ“‹ Test Results Details</h2>
                    </div>
                    <table>
                        <thead>
                            <tr>
                                <th>#</th>
                                <th>Test Name</th>
                                <th>Test Class</th>
                                <th>Status</th>
                                <th>Duration</th>
                                <th>Error Message</th>
                                <th>Screenshot</th>
                            </tr>
                        </thead>
                        <tbody>
                            
                <tr class="failed">
                    <td>1</td>
                    <td>test_valid_login</td>
                    <td>TestLogin</td>
                    <td><span class="status failed">FAILED</span></td>
                    <td>20.03s</td>
                    <td>self = <tests.test_login.TestLogin object at 0x107627860>
driver = <selenium.webdriver.chrome.webdriver.WebDriver (session="f24034a3e059d138c37fc6c790c53e57")>

    @allure.feature("Authentication")
    @allure.story("Valid Login")
    @allure.severity(allure.severity_level.CRITICAL)
    def test_valid_login(self, driver):
    	"""Test valid login credentials"""
    	login_page = LoginPage(driver)
    	home_page = HomePage(driver)
    
    	# Test data
    	username = "testuser@example.com"
    	password = "testpassword123"
    
    	# Test steps
    	with allure.step("Open login page"):
    		login_page.open_login_page()
    
    	with allure.step("Enter valid credentials"):
    		login_page.login(username, password)
    
    	with allure.step("Verify successful login"):
>   		assert login_page.is_login_successful(), "Login should be successful"
E     AssertionError: Login should be successful
E     assert False
E      +  where False = <bound method LoginPage.is_login_successful of <pages.pages.LoginPage object at 0x106df5220>>()
E      +    where <bound method LoginPage.is_login_successful of <pages.pages.LoginPage object at 0x106df5220>> = <pages.pages.LoginPage object at 0x106df5220>.is_login_successful

tests/test_login.py:30: AssertionError</td>
                    <td><a href="True" target="_blank">ðŸ“· View</a></td>
                </tr>
            
                <tr class="failed">
                    <td>2</td>
                    <td>test_invalid_login</td>
                    <td>TestLogin</td>
                    <td><span class="status failed">FAILED</span></td>
                    <td>24.30s</td>
                    <td>self = <tests.test_login.TestLogin object at 0x1076927b0>
driver = <selenium.webdriver.chrome.webdriver.WebDriver (session="47007e4f78e6569d6111411579f5f823")>

    @allure.feature("Authentication")
    @allure.story("Invalid Login")
    @allure.severity(allure.severity_level.CRITICAL)
    def test_invalid_login(self, driver):
    	"""Test invalid login credentials"""
    	login_page = LoginPage(driver)
    
    	# Test data
    	username = "invalid@example.com"
    	password = "wrongpassword"
    
    	# Test steps
    	with allure.step("Open login page"):
    		login_page.open_login_page()
    
    	with allure.step("Enter invalid credentials"):
    		login_page.login(username, password)
    
    	with allure.step("Verify login failure"):
    		error_message = login_page.get_error_message()
>   		assert error_message != "", "Error message should be displayed"
E     AssertionError: Error message should be displayed
E     assert '' != ''

tests/test_login.py:53: AssertionError</td>
                    <td><a href="True" target="_blank">ðŸ“· View</a></td>
                </tr>
            
                <tr class="failed">
                    <td>3</td>
                    <td>test_empty_credentials[--Username and password are required]</td>
                    <td>TestLogin</td>
                    <td><span class="status failed">FAILED</span></td>
                    <td>34.55s</td>
                    <td>self = <tests.test_login.TestLogin object at 0x106de0860>
driver = <selenium.webdriver.chrome.webdriver.WebDriver (session="cded1a5672c4d888632526c472e393b1")>, username = '', password = ''
expected_error = 'Username and password are required'

    @allure.feature("Authentication")
    @allure.story("Empty Credentials")
    @allure.severity(allure.severity_level.NORMAL)
    @pytest.mark.parametrize("username,password,expected_error", [
    	("", "", "Username and password are required"),
    	("user@test.com", "", "Password is required"),
    	("", "password123", "Username is required")
    ])
    def test_empty_credentials(self, driver, username, password, expected_error):
    	"""Test login with empty credentials"""
    	login_page = LoginPage(driver)
    
    	with allure.step("Open login page"):
    		login_page.open_login_page()
    
    	with allure.step(f"Enter credentials: {username}, {password}"):
>   		login_page.login(username, password)

tests/test_login.py:72: 
_ _ _ _ _ _ _ _ _ _ _ _ _ _ _ _ _ _ _ _ _ _ _ _ _ _ _ _ _ _ _ _ _ _ _ _ _ _ _ _ _ _ _ _ _ _ _ _ _ _ _ _ _ _ _ _ _ _ _ _ _ _ _ _ _ _ _ _ _ _ _ _ _ _
pages/pages.py:48: in login
    self.click_login_button()
pages/pages.py:42: in click_login_button
    self.click(self.LOGIN_BUTTON)
base/base_page.py:57: in click
    element = self.wait_for_clickable(locator, timeout)
base/base_page.py:116: in wait_for_clickable
    return wait.until(EC.element_to_be_clickable(locator))
_ _ _ _ _ _ _ _ _ _ _ _ _ _ _ _ _ _ _ _ _ _ _ _ _ _ _ _ _ _ _ _ _ _ _ _ _ _ _ _ _ _ _ _ _ _ _ _ _ _ _ _ _ _ _ _ _ _ _ _ _ _ _ _ _ _ _ _ _ _ _ _ _ _

self = <selenium.webdriver.support.wait.WebDriverWait (session="cded1a5672c4d888632526c472e393b1")>
method = <function element_to_be_clickable.<locals>._predicate at 0x1076fdc60>, message = ''

    def until(self, method: Callable[[WebDriver], Union[Literal[False], T]], message: str = "") -> T:
        """Calls the method provided with the driver as an argument until the \
        return value does not evaluate to ``False``.
    
        :param method: callable(WebDriver)
        :param message: optional message for :exc:`TimeoutException`
        :returns: the result of the last call to `method`
        :raises: :exc:`selenium.common.exceptions.TimeoutException` if timeout occurs
        """
        screen = None
        stacktrace = None
    
        end_time = time.monotonic() + self._timeout
        while True:
            try:
                value = method(self._driver)
                if value:
                    return value
            except self._ignored_exceptions as exc:
                screen = getattr(exc, "screen", None)
                stacktrace = getattr(exc, "stacktrace", None)
            time.sleep(self._poll)
            if time.monotonic() > end_time:
                break
>       raise TimeoutException(message, screen, stacktrace)
E       selenium.common.exceptions.TimeoutException: Message:

/Library/Frameworks/Python.framework/Versions/3.12/lib/python3.12/site-packages/selenium/webdriver/support/wait.py:101: TimeoutException</td>
                    <td><a href="True" target="_blank">ðŸ“· View</a></td>
                </tr>
            
                <tr class="failed">
                    <td>4</td>
                    <td>test_empty_credentials[user@test.com--Password is required]</td>
                    <td>TestLogin</td>
                    <td><span class="status failed">FAILED</span></td>
                    <td>29.21s</td>
                    <td>self = <tests.test_login.TestLogin object at 0x106a4a7b0>
driver = <selenium.webdriver.chrome.webdriver.WebDriver (session="bc9d1a3066b94199051293d29522da92")>, username = 'user@test.com', password = ''
expected_error = 'Password is required'

    @allure.feature("Authentication")
    @allure.story("Empty Credentials")
    @allure.severity(allure.severity_level.NORMAL)
    @pytest.mark.parametrize("username,password,expected_error", [
    	("", "", "Username and password are required"),
    	("user@test.com", "", "Password is required"),
    	("", "password123", "Username is required")
    ])
    def test_empty_credentials(self, driver, username, password, expected_error):
    	"""Test login with empty credentials"""
    	login_page = LoginPage(driver)
    
    	with allure.step("Open login page"):
    		login_page.open_login_page()
    
    	with allure.step(f"Enter credentials: {username}, {password}"):
>   		login_page.login(username, password)

tests/test_login.py:72: 
_ _ _ _ _ _ _ _ _ _ _ _ _ _ _ _ _ _ _ _ _ _ _ _ _ _ _ _ _ _ _ _ _ _ _ _ _ _ _ _ _ _ _ _ _ _ _ _ _ _ _ _ _ _ _ _ _ _ _ _ _ _ _ _ _ _ _ _ _ _ _ _ _ _
pages/pages.py:48: in login
    self.click_login_button()
pages/pages.py:42: in click_login_button
    self.click(self.LOGIN_BUTTON)
base/base_page.py:57: in click
    element = self.wait_for_clickable(locator, timeout)
base/base_page.py:116: in wait_for_clickable
    return wait.until(EC.element_to_be_clickable(locator))
_ _ _ _ _ _ _ _ _ _ _ _ _ _ _ _ _ _ _ _ _ _ _ _ _ _ _ _ _ _ _ _ _ _ _ _ _ _ _ _ _ _ _ _ _ _ _ _ _ _ _ _ _ _ _ _ _ _ _ _ _ _ _ _ _ _ _ _ _ _ _ _ _ _

self = <selenium.webdriver.support.wait.WebDriverWait (session="bc9d1a3066b94199051293d29522da92")>
method = <function element_to_be_clickable.<locals>._predicate at 0x1076fe020>, message = ''

    def until(self, method: Callable[[WebDriver], Union[Literal[False], T]], message: str = "") -> T:
        """Calls the method provided with the driver as an argument until the \
        return value does not evaluate to ``False``.
    
        :param method: callable(WebDriver)
        :param message: optional message for :exc:`TimeoutException`
        :returns: the result of the last call to `method`
        :raises: :exc:`selenium.common.exceptions.TimeoutException` if timeout occurs
        """
        screen = None
        stacktrace = None
    
        end_time = time.monotonic() + self._timeout
        while True:
            try:
                value = method(self._driver)
                if value:
                    return value
            except self._ignored_exceptions as exc:
                screen = getattr(exc, "screen", None)
                stacktrace = getattr(exc, "stacktrace", None)
            time.sleep(self._poll)
            if time.monotonic() > end_time:
                break
>       raise TimeoutException(message, screen, stacktrace)
E       selenium.common.exceptions.TimeoutException: Message:

/Library/Frameworks/Python.framework/Versions/3.12/lib/python3.12/site-packages/selenium/webdriver/support/wait.py:101: TimeoutException</td>
                    <td><a href="True" target="_blank">ðŸ“· View</a></td>
                </tr>
            
                <tr class="failed">
                    <td>5</td>
                    <td>test_empty_credentials[-password123-Username is required]</td>
                    <td>TestLogin</td>
                    <td><span class="status failed">FAILED</span></td>
                    <td>30.06s</td>
                    <td>self = <tests.test_login.TestLogin object at 0x1076c4e60>
driver = <selenium.webdriver.chrome.webdriver.WebDriver (session="52a40e0b6b2c37b3520299442c0766e5")>, username = '', password = 'password123'
expected_error = 'Username is required'

    @allure.feature("Authentication")
    @allure.story("Empty Credentials")
    @allure.severity(allure.severity_level.NORMAL)
    @pytest.mark.parametrize("username,password,expected_error", [
    	("", "", "Username and password are required"),
    	("user@test.com", "", "Password is required"),
    	("", "password123", "Username is required")
    ])
    def test_empty_credentials(self, driver, username, password, expected_error):
    	"""Test login with empty credentials"""
    	login_page = LoginPage(driver)
    
    	with allure.step("Open login page"):
    		login_page.open_login_page()
    
    	with allure.step(f"Enter credentials: {username}, {password}"):
>   		login_page.login(username, password)

tests/test_login.py:72: 
_ _ _ _ _ _ _ _ _ _ _ _ _ _ _ _ _ _ _ _ _ _ _ _ _ _ _ _ _ _ _ _ _ _ _ _ _ _ _ _ _ _ _ _ _ _ _ _ _ _ _ _ _ _ _ _ _ _ _ _ _ _ _ _ _ _ _ _ _ _ _ _ _ _
pages/pages.py:48: in login
    self.click_login_button()
pages/pages.py:42: in click_login_button
    self.click(self.LOGIN_BUTTON)
base/base_page.py:57: in click
    element = self.wait_for_clickable(locator, timeout)
base/base_page.py:116: in wait_for_clickable
    return wait.until(EC.element_to_be_clickable(locator))
_ _ _ _ _ _ _ _ _ _ _ _ _ _ _ _ _ _ _ _ _ _ _ _ _ _ _ _ _ _ _ _ _ _ _ _ _ _ _ _ _ _ _ _ _ _ _ _ _ _ _ _ _ _ _ _ _ _ _ _ _ _ _ _ _ _ _ _ _ _ _ _ _ _

self = <selenium.webdriver.support.wait.WebDriverWait (session="52a40e0b6b2c37b3520299442c0766e5")>
method = <function element_to_be_clickable.<locals>._predicate at 0x1076fe200>, message = ''

    def until(self, method: Callable[[WebDriver], Union[Literal[False], T]], message: str = "") -> T:
        """Calls the method provided with the driver as an argument until the \
        return value does not evaluate to ``False``.
    
        :param method: callable(WebDriver)
        :param message: optional message for :exc:`TimeoutException`
        :returns: the result of the last call to `method`
        :raises: :exc:`selenium.common.exceptions.TimeoutException` if timeout occurs
        """
        screen = None
        stacktrace = None
    
        end_time = time.monotonic() + self._timeout
        while True:
            try:
                value = method(self._driver)
                if value:
                    return value
            except self._ignored_exceptions as exc:
                screen = getattr(exc, "screen", None)
                stacktrace = getattr(exc, "stacktrace", None)
            time.sleep(self._poll)
            if time.monotonic() > end_time:
                break
>       raise TimeoutException(message, screen, stacktrace)
E       selenium.common.exceptions.TimeoutException: Message:

/Library/Frameworks/Python.framework/Versions/3.12/lib/python3.12/site-packages/selenium/webdriver/support/wait.py:101: TimeoutException</td>
                    <td><a href="True" target="_blank">ðŸ“· View</a></td>
                </tr>
            
                        </tbody>
                    </table>
                </div>

                <div class="footer">
                    <p>ðŸ”§ Generated by Selenium Test Framework | Â© 2024</p>
                </div>
            </div>

            <script>
                // Add some interactivity
                document.addEventListener('DOMContentLoaded', function() {
                    // Animate progress bar
                    setTimeout(() => {
                        const progressBar = document.querySelector('.progress-fill');
                        progressBar.style.width = '0.0%';
                    }, 500);

                    // Add click to expand error messages
                    document.querySelectorAll('.error-message').forEach(cell => {
                        if (cell.textContent.length > 50) {
                            const fullText = cell.textContent;
                            const shortText = fullText.substring(0, 50) + '...';
                            cell.textContent = shortText;
                            cell.style.cursor = 'pointer';
                            cell.title = 'Click to expand';

                            cell.addEventListener('click', function() {
                                if (this.textContent === shortText) {
                                    this.textContent = fullText;
                                    this.title = 'Click to collapse';
                                } else {
                                    this.textContent = shortText;
                                    this.title = 'Click to expand';
                                }
                            });
                        }
                    });
                });
            </script>
        </body>
        </html>
	